{"/Users/naufalrafi/Documents/f2hacktiv/3w/2d/IP-BSD008/server/app.js": {"path":"/Users/naufalrafi/Documents/f2hacktiv/3w/2d/IP-BSD008/server/app.js","statementMap":{"0":{"start":{"line":1,"column":0},"end":{"line":3,"column":1}},"1":{"start":{"line":2,"column":2},"end":{"line":2,"column":29}},"2":{"start":{"line":5,"column":16},"end":{"line":5,"column":34}},"3":{"start":{"line":6,"column":15},"end":{"line":6,"column":41}},"4":{"start":{"line":7,"column":12},"end":{"line":7,"column":21}},"5":{"start":{"line":8,"column":13},"end":{"line":8,"column":37}},"6":{"start":{"line":9,"column":21},"end":{"line":9,"column":59}},"7":{"start":{"line":11,"column":0},"end":{"line":11,"column":27}},"8":{"start":{"line":12,"column":0},"end":{"line":12,"column":24}},"9":{"start":{"line":13,"column":0},"end":{"line":13,"column":48}},"10":{"start":{"line":14,"column":0},"end":{"line":14,"column":16}},"11":{"start":{"line":15,"column":0},"end":{"line":15,"column":22}}},"fnMap":{},"branchMap":{"0":{"loc":{"start":{"line":1,"column":0},"end":{"line":3,"column":1}},"type":"if","locations":[{"start":{"line":1,"column":0},"end":{"line":3,"column":1}},{"start":{},"end":{}}],"line":1},"1":{"loc":{"start":{"line":8,"column":13},"end":{"line":8,"column":37}},"type":"binary-expr","locations":[{"start":{"line":8,"column":13},"end":{"line":8,"column":29}},{"start":{"line":8,"column":33},"end":{"line":8,"column":37}}],"line":8}},"s":{"0":2,"1":2,"2":2,"3":2,"4":2,"5":2,"6":2,"7":2,"8":2,"9":2,"10":2,"11":2},"f":{},"b":{"0":[2,0],"1":[2,0]},"_coverageSchema":"1a1c01bbd47fc00a2c39e90264f33305004495a9","hash":"e52df1114cfb113eb5ca844009807c4e9429a5f2"}
,"/Users/naufalrafi/Documents/f2hacktiv/3w/2d/IP-BSD008/server/api/imagekit.js": {"path":"/Users/naufalrafi/Documents/f2hacktiv/3w/2d/IP-BSD008/server/api/imagekit.js","statementMap":{"0":{"start":{"line":1,"column":17},"end":{"line":1,"column":36}},"1":{"start":{"line":3,"column":17},"end":{"line":7,"column":2}},"2":{"start":{"line":9,"column":0},"end":{"line":9,"column":26}}},"fnMap":{},"branchMap":{},"s":{"0":2,"1":2,"2":2},"f":{},"b":{},"_coverageSchema":"1a1c01bbd47fc00a2c39e90264f33305004495a9","hash":"3c3d6b1e8e2e8bbdc19bcf87e2db54c44a4fddf2"}
,"/Users/naufalrafi/Documents/f2hacktiv/3w/2d/IP-BSD008/server/api/nodeMailer.js": {"path":"/Users/naufalrafi/Documents/f2hacktiv/3w/2d/IP-BSD008/server/api/nodeMailer.js","statementMap":{"0":{"start":{"line":2,"column":19},"end":{"line":2,"column":40}},"1":{"start":{"line":4,"column":20},"end":{"line":4,"column":43}},"2":{"start":{"line":5,"column":19},"end":{"line":5,"column":46}},"3":{"start":{"line":7,"column":20},"end":{"line":13,"column":2}},"4":{"start":{"line":16,"column":22},"end":{"line":21,"column":3}},"5":{"start":{"line":23,"column":2},"end":{"line":29,"column":5}},"6":{"start":{"line":24,"column":4},"end":{"line":28,"column":5}},"7":{"start":{"line":25,"column":6},"end":{"line":25,"column":49}},"8":{"start":{"line":27,"column":6},"end":{"line":27,"column":48}},"9":{"start":{"line":33,"column":22},"end":{"line":38,"column":3}},"10":{"start":{"line":40,"column":2},"end":{"line":46,"column":5}},"11":{"start":{"line":41,"column":4},"end":{"line":45,"column":5}},"12":{"start":{"line":42,"column":6},"end":{"line":42,"column":49}},"13":{"start":{"line":44,"column":6},"end":{"line":44,"column":48}},"14":{"start":{"line":50,"column":22},"end":{"line":55,"column":3}},"15":{"start":{"line":57,"column":2},"end":{"line":63,"column":5}},"16":{"start":{"line":58,"column":4},"end":{"line":62,"column":5}},"17":{"start":{"line":59,"column":6},"end":{"line":59,"column":49}},"18":{"start":{"line":61,"column":6},"end":{"line":61,"column":48}},"19":{"start":{"line":67,"column":22},"end":{"line":72,"column":3}},"20":{"start":{"line":74,"column":2},"end":{"line":80,"column":5}},"21":{"start":{"line":75,"column":4},"end":{"line":79,"column":5}},"22":{"start":{"line":76,"column":6},"end":{"line":76,"column":49}},"23":{"start":{"line":78,"column":6},"end":{"line":78,"column":48}},"24":{"start":{"line":83,"column":0},"end":{"line":88,"column":2}}},"fnMap":{"0":{"name":"sendEmailToUser","decl":{"start":{"line":15,"column":9},"end":{"line":15,"column":24}},"loc":{"start":{"line":15,"column":54},"end":{"line":30,"column":1}},"line":15},"1":{"name":"(anonymous_1)","decl":{"start":{"line":23,"column":36},"end":{"line":23,"column":37}},"loc":{"start":{"line":23,"column":59},"end":{"line":29,"column":3}},"line":23},"2":{"name":"sendEmailToPsychologist","decl":{"start":{"line":32,"column":9},"end":{"line":32,"column":32}},"loc":{"start":{"line":32,"column":70},"end":{"line":47,"column":1}},"line":32},"3":{"name":"(anonymous_3)","decl":{"start":{"line":40,"column":36},"end":{"line":40,"column":37}},"loc":{"start":{"line":40,"column":59},"end":{"line":46,"column":3}},"line":40},"4":{"name":"sendEmailRegistration","decl":{"start":{"line":49,"column":9},"end":{"line":49,"column":30}},"loc":{"start":{"line":49,"column":60},"end":{"line":64,"column":1}},"line":49},"5":{"name":"(anonymous_5)","decl":{"start":{"line":57,"column":36},"end":{"line":57,"column":37}},"loc":{"start":{"line":57,"column":59},"end":{"line":63,"column":3}},"line":57},"6":{"name":"sendEmailReservation","decl":{"start":{"line":66,"column":9},"end":{"line":66,"column":29}},"loc":{"start":{"line":66,"column":59},"end":{"line":81,"column":1}},"line":66},"7":{"name":"(anonymous_7)","decl":{"start":{"line":74,"column":36},"end":{"line":74,"column":37}},"loc":{"start":{"line":74,"column":59},"end":{"line":80,"column":3}},"line":74}},"branchMap":{"0":{"loc":{"start":{"line":24,"column":4},"end":{"line":28,"column":5}},"type":"if","locations":[{"start":{"line":24,"column":4},"end":{"line":28,"column":5}},{"start":{"line":26,"column":11},"end":{"line":28,"column":5}}],"line":24},"1":{"loc":{"start":{"line":41,"column":4},"end":{"line":45,"column":5}},"type":"if","locations":[{"start":{"line":41,"column":4},"end":{"line":45,"column":5}},{"start":{"line":43,"column":11},"end":{"line":45,"column":5}}],"line":41},"2":{"loc":{"start":{"line":58,"column":4},"end":{"line":62,"column":5}},"type":"if","locations":[{"start":{"line":58,"column":4},"end":{"line":62,"column":5}},{"start":{"line":60,"column":11},"end":{"line":62,"column":5}}],"line":58},"3":{"loc":{"start":{"line":75,"column":4},"end":{"line":79,"column":5}},"type":"if","locations":[{"start":{"line":75,"column":4},"end":{"line":79,"column":5}},{"start":{"line":77,"column":11},"end":{"line":79,"column":5}}],"line":75}},"s":{"0":2,"1":2,"2":2,"3":2,"4":0,"5":0,"6":0,"7":0,"8":0,"9":0,"10":0,"11":0,"12":0,"13":0,"14":0,"15":0,"16":0,"17":0,"18":0,"19":0,"20":0,"21":0,"22":0,"23":0,"24":2},"f":{"0":0,"1":0,"2":0,"3":0,"4":0,"5":0,"6":0,"7":0},"b":{"0":[0,0],"1":[0,0],"2":[0,0],"3":[0,0]},"_coverageSchema":"1a1c01bbd47fc00a2c39e90264f33305004495a9","hash":"25f4bcc292abdefd6636cec3c915c2aca1cddb27"}
,"/Users/naufalrafi/Documents/f2hacktiv/3w/2d/IP-BSD008/server/controllers/konselorController.js": {"path":"/Users/naufalrafi/Documents/f2hacktiv/3w/2d/IP-BSD008/server/controllers/konselorController.js","statementMap":{"0":{"start":{"line":1,"column":35},"end":{"line":1,"column":55}},"1":{"start":{"line":6,"column":4},"end":{"line":16,"column":5}},"2":{"start":{"line":8,"column":33},"end":{"line":8,"column":63}},"3":{"start":{"line":10,"column":6},"end":{"line":13,"column":9}},"4":{"start":{"line":15,"column":6},"end":{"line":15,"column":18}},"5":{"start":{"line":19,"column":4},"end":{"line":49,"column":5}},"6":{"start":{"line":20,"column":45},"end":{"line":20,"column":54}},"7":{"start":{"line":23,"column":33},"end":{"line":29,"column":8}},"8":{"start":{"line":32,"column":35},"end":{"line":34,"column":7}},"9":{"start":{"line":33,"column":22},"end":{"line":33,"column":45}},"10":{"start":{"line":37,"column":33},"end":{"line":41,"column":8}},"11":{"start":{"line":43,"column":6},"end":{"line":46,"column":9}},"12":{"start":{"line":48,"column":6},"end":{"line":48,"column":18}},"13":{"start":{"line":53,"column":4},"end":{"line":71,"column":5}},"14":{"start":{"line":54,"column":21},"end":{"line":54,"column":31}},"15":{"start":{"line":55,"column":23},"end":{"line":59,"column":8}},"16":{"start":{"line":61,"column":6},"end":{"line":63,"column":7}},"17":{"start":{"line":62,"column":8},"end":{"line":62,"column":42}},"18":{"start":{"line":65,"column":6},"end":{"line":68,"column":9}},"19":{"start":{"line":70,"column":6},"end":{"line":70,"column":18}},"20":{"start":{"line":75,"column":0},"end":{"line":75,"column":36}}},"fnMap":{"0":{"name":"(anonymous_0)","decl":{"start":{"line":5,"column":2},"end":{"line":5,"column":3}},"loc":{"start":{"line":5,"column":44},"end":{"line":17,"column":3}},"line":5},"1":{"name":"(anonymous_1)","decl":{"start":{"line":18,"column":2},"end":{"line":18,"column":3}},"loc":{"start":{"line":18,"column":53},"end":{"line":50,"column":3}},"line":18},"2":{"name":"(anonymous_2)","decl":{"start":{"line":33,"column":8},"end":{"line":33,"column":9}},"loc":{"start":{"line":33,"column":22},"end":{"line":33,"column":45}},"line":33},"3":{"name":"(anonymous_3)","decl":{"start":{"line":52,"column":2},"end":{"line":52,"column":3}},"loc":{"start":{"line":52,"column":48},"end":{"line":72,"column":3}},"line":52}},"branchMap":{"0":{"loc":{"start":{"line":61,"column":6},"end":{"line":63,"column":7}},"type":"if","locations":[{"start":{"line":61,"column":6},"end":{"line":63,"column":7}},{"start":{},"end":{}}],"line":61}},"s":{"0":2,"1":0,"2":0,"3":0,"4":0,"5":0,"6":0,"7":0,"8":0,"9":0,"10":0,"11":0,"12":0,"13":0,"14":0,"15":0,"16":0,"17":0,"18":0,"19":0,"20":2},"f":{"0":0,"1":0,"2":0,"3":0},"b":{"0":[0,0]},"_coverageSchema":"1a1c01bbd47fc00a2c39e90264f33305004495a9","hash":"c01c090eba65d038ca4f10654a7ebe8fd30b3974"}
,"/Users/naufalrafi/Documents/f2hacktiv/3w/2d/IP-BSD008/server/controllers/paymentController.js": {"path":"/Users/naufalrafi/Documents/f2hacktiv/3w/2d/IP-BSD008/server/controllers/paymentController.js","statementMap":{"0":{"start":{"line":7,"column":4},"end":{"line":7,"column":24}},"1":{"start":{"line":11,"column":4},"end":{"line":11,"column":32}},"2":{"start":{"line":12,"column":23},"end":{"line":12,"column":49}},"3":{"start":{"line":17,"column":4},"end":{"line":118,"column":5}},"4":{"start":{"line":18,"column":40},"end":{"line":18,"column":48}},"5":{"start":{"line":20,"column":26},"end":{"line":27,"column":8}},"6":{"start":{"line":29,"column":6},"end":{"line":31,"column":7}},"7":{"start":{"line":30,"column":8},"end":{"line":30,"column":74}},"8":{"start":{"line":33,"column":25},"end":{"line":33,"column":61}},"9":{"start":{"line":34,"column":23},"end":{"line":34,"column":43}},"10":{"start":{"line":36,"column":33},"end":{"line":36,"column":54}},"11":{"start":{"line":38,"column":22},"end":{"line":43,"column":8}},"12":{"start":{"line":45,"column":19},"end":{"line":49,"column":8}},"13":{"start":{"line":50,"column":22},"end":{"line":50,"column":63}},"14":{"start":{"line":51,"column":24},"end":{"line":63,"column":7}},"15":{"start":{"line":65,"column":20},"end":{"line":65,"column":59}},"16":{"start":{"line":69,"column":6},"end":{"line":111,"column":7}},"17":{"start":{"line":70,"column":21},"end":{"line":70,"column":48}},"18":{"start":{"line":71,"column":29},"end":{"line":71,"column":53}},"19":{"start":{"line":73,"column":35},"end":{"line":79,"column":9}},"20":{"start":{"line":81,"column":28},"end":{"line":96,"column":9}},"21":{"start":{"line":98,"column":36},"end":{"line":100,"column":9}},"22":{"start":{"line":103,"column":8},"end":{"line":103,"column":72}},"23":{"start":{"line":106,"column":8},"end":{"line":110,"column":10}},"24":{"start":{"line":113,"column":6},"end":{"line":115,"column":62}},"25":{"start":{"line":117,"column":6},"end":{"line":117,"column":18}},"26":{"start":{"line":122,"column":0},"end":{"line":122,"column":35}}},"fnMap":{"0":{"name":"(anonymous_0)","decl":{"start":{"line":16,"column":2},"end":{"line":16,"column":3}},"loc":{"start":{"line":16,"column":45},"end":{"line":119,"column":3}},"line":16}},"branchMap":{"0":{"loc":{"start":{"line":29,"column":6},"end":{"line":31,"column":7}},"type":"if","locations":[{"start":{"line":29,"column":6},"end":{"line":31,"column":7}},{"start":{},"end":{}}],"line":29},"1":{"loc":{"start":{"line":69,"column":6},"end":{"line":111,"column":7}},"type":"if","locations":[{"start":{"line":69,"column":6},"end":{"line":111,"column":7}},{"start":{},"end":{}}],"line":69}},"s":{"0":2,"1":2,"2":2,"3":0,"4":0,"5":0,"6":0,"7":0,"8":0,"9":0,"10":0,"11":0,"12":0,"13":0,"14":0,"15":0,"16":0,"17":0,"18":0,"19":0,"20":0,"21":0,"22":0,"23":0,"24":0,"25":0,"26":2},"f":{"0":0},"b":{"0":[0,0],"1":[0,0]},"_coverageSchema":"1a1c01bbd47fc00a2c39e90264f33305004495a9","hash":"7a058bdd066d9586c8801e29bd37f15456848b7b"}
,"/Users/naufalrafi/Documents/f2hacktiv/3w/2d/IP-BSD008/server/controllers/reservationController.js": {"path":"/Users/naufalrafi/Documents/f2hacktiv/3w/2d/IP-BSD008/server/controllers/reservationController.js","statementMap":{"0":{"start":{"line":7,"column":4},"end":{"line":7,"column":24}},"1":{"start":{"line":11,"column":4},"end":{"line":11,"column":32}},"2":{"start":{"line":15,"column":4},"end":{"line":94,"column":5}},"3":{"start":{"line":25,"column":10},"end":{"line":25,"column":18}},"4":{"start":{"line":27,"column":19},"end":{"line":27,"column":51}},"5":{"start":{"line":28,"column":20},"end":{"line":28,"column":49}},"6":{"start":{"line":29,"column":27},"end":{"line":29,"column":70}},"7":{"start":{"line":32,"column":29},"end":{"line":42,"column":8}},"8":{"start":{"line":44,"column":6},"end":{"line":90,"column":7}},"9":{"start":{"line":45,"column":31},"end":{"line":59,"column":9}},"10":{"start":{"line":61,"column":39},"end":{"line":75,"column":9}},"11":{"start":{"line":77,"column":8},"end":{"line":77,"column":79}},"12":{"start":{"line":78,"column":8},"end":{"line":82,"column":10}},"13":{"start":{"line":84,"column":8},"end":{"line":87,"column":11}},"14":{"start":{"line":89,"column":8},"end":{"line":89,"column":43}},"15":{"start":{"line":92,"column":6},"end":{"line":92,"column":25}},"16":{"start":{"line":93,"column":6},"end":{"line":93,"column":18}},"17":{"start":{"line":98,"column":0},"end":{"line":98,"column":39}}},"fnMap":{"0":{"name":"(anonymous_0)","decl":{"start":{"line":14,"column":2},"end":{"line":14,"column":3}},"loc":{"start":{"line":14,"column":49},"end":{"line":95,"column":3}},"line":14}},"branchMap":{"0":{"loc":{"start":{"line":44,"column":6},"end":{"line":90,"column":7}},"type":"if","locations":[{"start":{"line":44,"column":6},"end":{"line":90,"column":7}},{"start":{"line":88,"column":13},"end":{"line":90,"column":7}}],"line":44}},"s":{"0":2,"1":2,"2":0,"3":0,"4":0,"5":0,"6":0,"7":0,"8":0,"9":0,"10":0,"11":0,"12":0,"13":0,"14":0,"15":0,"16":0,"17":2},"f":{"0":0},"b":{"0":[0,0]},"_coverageSchema":"1a1c01bbd47fc00a2c39e90264f33305004495a9","hash":"b4163fddfbfbb7dcdd479ce844d97d6076b83066"}
,"/Users/naufalrafi/Documents/f2hacktiv/3w/2d/IP-BSD008/server/controllers/topicController.js": {"path":"/Users/naufalrafi/Documents/f2hacktiv/3w/2d/IP-BSD008/server/controllers/topicController.js","statementMap":{"0":{"start":{"line":1,"column":18},"end":{"line":1,"column":38}},"1":{"start":{"line":6,"column":4},"end":{"line":15,"column":5}},"2":{"start":{"line":7,"column":20},"end":{"line":7,"column":43}},"3":{"start":{"line":9,"column":6},"end":{"line":12,"column":9}},"4":{"start":{"line":14,"column":6},"end":{"line":14,"column":18}},"5":{"start":{"line":18,"column":4},"end":{"line":36,"column":5}},"6":{"start":{"line":19,"column":21},"end":{"line":19,"column":31}},"7":{"start":{"line":20,"column":20},"end":{"line":24,"column":8}},"8":{"start":{"line":26,"column":6},"end":{"line":28,"column":7}},"9":{"start":{"line":27,"column":8},"end":{"line":27,"column":42}},"10":{"start":{"line":30,"column":6},"end":{"line":33,"column":9}},"11":{"start":{"line":35,"column":6},"end":{"line":35,"column":18}},"12":{"start":{"line":40,"column":0},"end":{"line":40,"column":33}}},"fnMap":{"0":{"name":"(anonymous_0)","decl":{"start":{"line":5,"column":2},"end":{"line":5,"column":3}},"loc":{"start":{"line":5,"column":41},"end":{"line":16,"column":3}},"line":5},"1":{"name":"(anonymous_1)","decl":{"start":{"line":17,"column":2},"end":{"line":17,"column":3}},"loc":{"start":{"line":17,"column":45},"end":{"line":37,"column":3}},"line":17}},"branchMap":{"0":{"loc":{"start":{"line":26,"column":6},"end":{"line":28,"column":7}},"type":"if","locations":[{"start":{"line":26,"column":6},"end":{"line":28,"column":7}},{"start":{},"end":{}}],"line":26}},"s":{"0":2,"1":0,"2":0,"3":0,"4":0,"5":0,"6":0,"7":0,"8":0,"9":0,"10":0,"11":0,"12":2},"f":{"0":0,"1":0},"b":{"0":[0,0]},"_coverageSchema":"1a1c01bbd47fc00a2c39e90264f33305004495a9","hash":"30bdf81e7954c631839126376a2788bff9c6c70d"}
,"/Users/naufalrafi/Documents/f2hacktiv/3w/2d/IP-BSD008/server/controllers/userController.js": {"path":"/Users/naufalrafi/Documents/f2hacktiv/3w/2d/IP-BSD008/server/controllers/userController.js","statementMap":{"0":{"start":{"line":1,"column":26},"end":{"line":1,"column":46}},"1":{"start":{"line":2,"column":24},"end":{"line":2,"column":52}},"2":{"start":{"line":3,"column":35},"end":{"line":3,"column":60}},"3":{"start":{"line":4,"column":34},"end":{"line":4,"column":62}},"4":{"start":{"line":5,"column":25},"end":{"line":5,"column":55}},"5":{"start":{"line":6,"column":17},"end":{"line":6,"column":43}},"6":{"start":{"line":10,"column":22},"end":{"line":37,"column":3}},"7":{"start":{"line":11,"column":4},"end":{"line":36,"column":5}},"8":{"start":{"line":12,"column":37},"end":{"line":12,"column":48}},"9":{"start":{"line":13,"column":6},"end":{"line":13,"column":31}},"10":{"start":{"line":14,"column":21},"end":{"line":14,"column":67}},"11":{"start":{"line":15,"column":21},"end":{"line":18,"column":8}},"12":{"start":{"line":19,"column":22},"end":{"line":19,"column":41}},"13":{"start":{"line":20,"column":6},"end":{"line":20,"column":27}},"14":{"start":{"line":22,"column":34},"end":{"line":29,"column":8}},"15":{"start":{"line":31,"column":6},"end":{"line":33,"column":9}},"16":{"start":{"line":35,"column":6},"end":{"line":35,"column":16}},"17":{"start":{"line":40,"column":4},"end":{"line":70,"column":5}},"18":{"start":{"line":41,"column":44},"end":{"line":41,"column":52}},"19":{"start":{"line":44,"column":6},"end":{"line":46,"column":7}},"20":{"start":{"line":45,"column":8},"end":{"line":45,"column":76}},"21":{"start":{"line":49,"column":27},"end":{"line":49,"column":67}},"22":{"start":{"line":50,"column":6},"end":{"line":52,"column":7}},"23":{"start":{"line":51,"column":8},"end":{"line":51,"column":73}},"24":{"start":{"line":55,"column":22},"end":{"line":55,"column":70}},"25":{"start":{"line":58,"column":29},"end":{"line":58,"column":51}},"26":{"start":{"line":59,"column":6},"end":{"line":59,"column":78}},"27":{"start":{"line":61,"column":6},"end":{"line":67,"column":9}},"28":{"start":{"line":69,"column":6},"end":{"line":69,"column":18}},"29":{"start":{"line":74,"column":4},"end":{"line":102,"column":5}},"30":{"start":{"line":75,"column":34},"end":{"line":75,"column":42}},"31":{"start":{"line":77,"column":6},"end":{"line":81,"column":7}},"32":{"start":{"line":78,"column":8},"end":{"line":80,"column":63}},"33":{"start":{"line":83,"column":19},"end":{"line":83,"column":59}},"34":{"start":{"line":85,"column":6},"end":{"line":87,"column":7}},"35":{"start":{"line":86,"column":8},"end":{"line":86,"column":74}},"36":{"start":{"line":89,"column":30},"end":{"line":89,"column":66}},"37":{"start":{"line":90,"column":6},"end":{"line":92,"column":7}},"38":{"start":{"line":91,"column":8},"end":{"line":91,"column":67}},"39":{"start":{"line":94,"column":27},"end":{"line":94,"column":53}},"40":{"start":{"line":96,"column":6},"end":{"line":99,"column":9}},"41":{"start":{"line":101,"column":6},"end":{"line":101,"column":18}},"42":{"start":{"line":107,"column":4},"end":{"line":116,"column":5}},"43":{"start":{"line":108,"column":19},"end":{"line":108,"column":41}},"44":{"start":{"line":110,"column":6},"end":{"line":113,"column":9}},"45":{"start":{"line":115,"column":6},"end":{"line":115,"column":18}},"46":{"start":{"line":119,"column":4},"end":{"line":132,"column":5}},"47":{"start":{"line":120,"column":21},"end":{"line":120,"column":32}},"48":{"start":{"line":124,"column":19},"end":{"line":124,"column":46}},"49":{"start":{"line":126,"column":6},"end":{"line":129,"column":9}},"50":{"start":{"line":131,"column":6},"end":{"line":131,"column":18}},"51":{"start":{"line":135,"column":4},"end":{"line":159,"column":5}},"52":{"start":{"line":136,"column":25},"end":{"line":136,"column":36}},"53":{"start":{"line":137,"column":19},"end":{"line":147,"column":8}},"54":{"start":{"line":149,"column":6},"end":{"line":151,"column":7}},"55":{"start":{"line":150,"column":8},"end":{"line":150,"column":42}},"56":{"start":{"line":153,"column":6},"end":{"line":156,"column":9}},"57":{"start":{"line":158,"column":6},"end":{"line":158,"column":18}},"58":{"start":{"line":163,"column":4},"end":{"line":195,"column":5}},"59":{"start":{"line":164,"column":49},"end":{"line":164,"column":57}},"60":{"start":{"line":167,"column":6},"end":{"line":169,"column":7}},"61":{"start":{"line":168,"column":8},"end":{"line":168,"column":44}},"62":{"start":{"line":171,"column":21},"end":{"line":171,"column":55}},"63":{"start":{"line":172,"column":23},"end":{"line":175,"column":8}},"64":{"start":{"line":177,"column":28},"end":{"line":183,"column":8}},"65":{"start":{"line":185,"column":6},"end":{"line":192,"column":7}},"66":{"start":{"line":186,"column":8},"end":{"line":189,"column":11}},"67":{"start":{"line":191,"column":8},"end":{"line":191,"column":46}},"68":{"start":{"line":194,"column":6},"end":{"line":194,"column":18}},"69":{"start":{"line":198,"column":4},"end":{"line":207,"column":5}},"70":{"start":{"line":199,"column":22},"end":{"line":199,"column":47}},"71":{"start":{"line":201,"column":6},"end":{"line":204,"column":9}},"72":{"start":{"line":206,"column":6},"end":{"line":206,"column":18}},"73":{"start":{"line":210,"column":4},"end":{"line":228,"column":5}},"74":{"start":{"line":211,"column":21},"end":{"line":211,"column":31}},"75":{"start":{"line":212,"column":22},"end":{"line":216,"column":8}},"76":{"start":{"line":218,"column":6},"end":{"line":220,"column":7}},"77":{"start":{"line":219,"column":8},"end":{"line":219,"column":42}},"78":{"start":{"line":222,"column":6},"end":{"line":225,"column":9}},"79":{"start":{"line":227,"column":6},"end":{"line":227,"column":18}},"80":{"start":{"line":231,"column":4},"end":{"line":263,"column":5}},"81":{"start":{"line":232,"column":21},"end":{"line":232,"column":31}},"82":{"start":{"line":233,"column":22},"end":{"line":233,"column":48}},"83":{"start":{"line":235,"column":6},"end":{"line":237,"column":7}},"84":{"start":{"line":236,"column":8},"end":{"line":236,"column":42}},"85":{"start":{"line":239,"column":63},"end":{"line":239,"column":71}},"86":{"start":{"line":241,"column":29},"end":{"line":251,"column":7}},"87":{"start":{"line":253,"column":6},"end":{"line":260,"column":7}},"88":{"start":{"line":254,"column":8},"end":{"line":257,"column":11}},"89":{"start":{"line":259,"column":8},"end":{"line":259,"column":49}},"90":{"start":{"line":262,"column":6},"end":{"line":262,"column":18}},"91":{"start":{"line":267,"column":0},"end":{"line":267,"column":32}}},"fnMap":{"0":{"name":"(anonymous_0)","decl":{"start":{"line":10,"column":22},"end":{"line":10,"column":23}},"loc":{"start":{"line":10,"column":48},"end":{"line":37,"column":3}},"line":10},"1":{"name":"(anonymous_1)","decl":{"start":{"line":39,"column":2},"end":{"line":39,"column":3}},"loc":{"start":{"line":39,"column":40},"end":{"line":71,"column":3}},"line":39},"2":{"name":"(anonymous_2)","decl":{"start":{"line":73,"column":2},"end":{"line":73,"column":3}},"loc":{"start":{"line":73,"column":37},"end":{"line":103,"column":3}},"line":73},"3":{"name":"(anonymous_3)","decl":{"start":{"line":106,"column":2},"end":{"line":106,"column":3}},"loc":{"start":{"line":106,"column":40},"end":{"line":117,"column":3}},"line":106},"4":{"name":"(anonymous_4)","decl":{"start":{"line":118,"column":2},"end":{"line":118,"column":3}},"loc":{"start":{"line":118,"column":46},"end":{"line":133,"column":3}},"line":118},"5":{"name":"(anonymous_5)","decl":{"start":{"line":134,"column":2},"end":{"line":134,"column":3}},"loc":{"start":{"line":134,"column":44},"end":{"line":160,"column":3}},"line":134},"6":{"name":"(anonymous_6)","decl":{"start":{"line":162,"column":2},"end":{"line":162,"column":3}},"loc":{"start":{"line":162,"column":45},"end":{"line":196,"column":3}},"line":162},"7":{"name":"(anonymous_7)","decl":{"start":{"line":197,"column":2},"end":{"line":197,"column":3}},"loc":{"start":{"line":197,"column":43},"end":{"line":208,"column":3}},"line":197},"8":{"name":"(anonymous_8)","decl":{"start":{"line":209,"column":2},"end":{"line":209,"column":3}},"loc":{"start":{"line":209,"column":47},"end":{"line":229,"column":3}},"line":209},"9":{"name":"(anonymous_9)","decl":{"start":{"line":230,"column":2},"end":{"line":230,"column":3}},"loc":{"start":{"line":230,"column":45},"end":{"line":264,"column":3}},"line":230}},"branchMap":{"0":{"loc":{"start":{"line":31,"column":17},"end":{"line":31,"column":40}},"type":"cond-expr","locations":[{"start":{"line":31,"column":31},"end":{"line":31,"column":34}},{"start":{"line":31,"column":37},"end":{"line":31,"column":40}}],"line":31},"1":{"loc":{"start":{"line":44,"column":6},"end":{"line":46,"column":7}},"type":"if","locations":[{"start":{"line":44,"column":6},"end":{"line":46,"column":7}},{"start":{},"end":{}}],"line":44},"2":{"loc":{"start":{"line":44,"column":10},"end":{"line":44,"column":42}},"type":"binary-expr","locations":[{"start":{"line":44,"column":10},"end":{"line":44,"column":19}},{"start":{"line":44,"column":23},"end":{"line":44,"column":29}},{"start":{"line":44,"column":33},"end":{"line":44,"column":42}}],"line":44},"3":{"loc":{"start":{"line":50,"column":6},"end":{"line":52,"column":7}},"type":"if","locations":[{"start":{"line":50,"column":6},"end":{"line":52,"column":7}},{"start":{},"end":{}}],"line":50},"4":{"loc":{"start":{"line":77,"column":6},"end":{"line":81,"column":7}},"type":"if","locations":[{"start":{"line":77,"column":6},"end":{"line":81,"column":7}},{"start":{},"end":{}}],"line":77},"5":{"loc":{"start":{"line":77,"column":10},"end":{"line":77,"column":29}},"type":"binary-expr","locations":[{"start":{"line":77,"column":10},"end":{"line":77,"column":16}},{"start":{"line":77,"column":20},"end":{"line":77,"column":29}}],"line":77},"6":{"loc":{"start":{"line":85,"column":6},"end":{"line":87,"column":7}},"type":"if","locations":[{"start":{"line":85,"column":6},"end":{"line":87,"column":7}},{"start":{},"end":{}}],"line":85},"7":{"loc":{"start":{"line":90,"column":6},"end":{"line":92,"column":7}},"type":"if","locations":[{"start":{"line":90,"column":6},"end":{"line":92,"column":7}},{"start":{},"end":{}}],"line":90},"8":{"loc":{"start":{"line":149,"column":6},"end":{"line":151,"column":7}},"type":"if","locations":[{"start":{"line":149,"column":6},"end":{"line":151,"column":7}},{"start":{},"end":{}}],"line":149},"9":{"loc":{"start":{"line":167,"column":6},"end":{"line":169,"column":7}},"type":"if","locations":[{"start":{"line":167,"column":6},"end":{"line":169,"column":7}},{"start":{},"end":{}}],"line":167},"10":{"loc":{"start":{"line":185,"column":6},"end":{"line":192,"column":7}},"type":"if","locations":[{"start":{"line":185,"column":6},"end":{"line":192,"column":7}},{"start":{"line":190,"column":13},"end":{"line":192,"column":7}}],"line":185},"11":{"loc":{"start":{"line":218,"column":6},"end":{"line":220,"column":7}},"type":"if","locations":[{"start":{"line":218,"column":6},"end":{"line":220,"column":7}},{"start":{},"end":{}}],"line":218},"12":{"loc":{"start":{"line":235,"column":6},"end":{"line":237,"column":7}},"type":"if","locations":[{"start":{"line":235,"column":6},"end":{"line":237,"column":7}},{"start":{},"end":{}}],"line":235},"13":{"loc":{"start":{"line":253,"column":6},"end":{"line":260,"column":7}},"type":"if","locations":[{"start":{"line":253,"column":6},"end":{"line":260,"column":7}},{"start":{"line":258,"column":13},"end":{"line":260,"column":7}}],"line":253}},"s":{"0":2,"1":2,"2":2,"3":2,"4":2,"5":2,"6":2,"7":0,"8":0,"9":0,"10":0,"11":0,"12":0,"13":0,"14":0,"15":0,"16":0,"17":0,"18":0,"19":0,"20":0,"21":0,"22":0,"23":0,"24":0,"25":0,"26":0,"27":0,"28":0,"29":0,"30":0,"31":0,"32":0,"33":0,"34":0,"35":0,"36":0,"37":0,"38":0,"39":0,"40":0,"41":0,"42":0,"43":0,"44":0,"45":0,"46":0,"47":0,"48":0,"49":0,"50":0,"51":0,"52":0,"53":0,"54":0,"55":0,"56":0,"57":0,"58":0,"59":0,"60":0,"61":0,"62":0,"63":0,"64":0,"65":0,"66":0,"67":0,"68":0,"69":0,"70":0,"71":0,"72":0,"73":0,"74":0,"75":0,"76":0,"77":0,"78":0,"79":0,"80":0,"81":0,"82":0,"83":0,"84":0,"85":0,"86":0,"87":0,"88":0,"89":0,"90":0,"91":2},"f":{"0":0,"1":0,"2":0,"3":0,"4":0,"5":0,"6":0,"7":0,"8":0,"9":0},"b":{"0":[0,0],"1":[0,0],"2":[0,0,0],"3":[0,0],"4":[0,0],"5":[0,0],"6":[0,0],"7":[0,0],"8":[0,0],"9":[0,0],"10":[0,0],"11":[0,0],"12":[0,0],"13":[0,0]},"_coverageSchema":"1a1c01bbd47fc00a2c39e90264f33305004495a9","hash":"9b036cfb86b6017643cf76a46d15f1b52d40f1af"}
,"/Users/naufalrafi/Documents/f2hacktiv/3w/2d/IP-BSD008/server/helpers/bcrypt.js": {"path":"/Users/naufalrafi/Documents/f2hacktiv/3w/2d/IP-BSD008/server/helpers/bcrypt.js","statementMap":{"0":{"start":{"line":1,"column":15},"end":{"line":1,"column":34}},"1":{"start":{"line":3,"column":13},"end":{"line":6,"column":1}},"2":{"start":{"line":4,"column":15},"end":{"line":4,"column":37}},"3":{"start":{"line":5,"column":2},"end":{"line":5,"column":36}},"4":{"start":{"line":8,"column":20},"end":{"line":10,"column":1}},"5":{"start":{"line":9,"column":2},"end":{"line":9,"column":41}},"6":{"start":{"line":12,"column":0},"end":{"line":15,"column":2}}},"fnMap":{"0":{"name":"(anonymous_0)","decl":{"start":{"line":3,"column":13},"end":{"line":3,"column":14}},"loc":{"start":{"line":3,"column":22},"end":{"line":6,"column":1}},"line":3},"1":{"name":"(anonymous_1)","decl":{"start":{"line":8,"column":20},"end":{"line":8,"column":21}},"loc":{"start":{"line":8,"column":37},"end":{"line":10,"column":1}},"line":8}},"branchMap":{},"s":{"0":2,"1":2,"2":1,"3":1,"4":2,"5":0,"6":2},"f":{"0":1,"1":0},"b":{},"_coverageSchema":"1a1c01bbd47fc00a2c39e90264f33305004495a9","hash":"e714ba0df56565a6d68283656fbb95972189d520"}
,"/Users/naufalrafi/Documents/f2hacktiv/3w/2d/IP-BSD008/server/helpers/jwt.js": {"path":"/Users/naufalrafi/Documents/f2hacktiv/3w/2d/IP-BSD008/server/helpers/jwt.js","statementMap":{"0":{"start":{"line":1,"column":12},"end":{"line":1,"column":35}},"1":{"start":{"line":2,"column":19},"end":{"line":2,"column":41}},"2":{"start":{"line":4,"column":20},"end":{"line":6,"column":1}},"3":{"start":{"line":5,"column":2},"end":{"line":5,"column":36}},"4":{"start":{"line":8,"column":18},"end":{"line":10,"column":1}},"5":{"start":{"line":9,"column":2},"end":{"line":9,"column":36}},"6":{"start":{"line":12,"column":20},"end":{"line":14,"column":1}},"7":{"start":{"line":13,"column":2},"end":{"line":13,"column":39}},"8":{"start":{"line":16,"column":0},"end":{"line":20,"column":2}}},"fnMap":{"0":{"name":"(anonymous_0)","decl":{"start":{"line":4,"column":20},"end":{"line":4,"column":21}},"loc":{"start":{"line":4,"column":30},"end":{"line":6,"column":1}},"line":4},"1":{"name":"(anonymous_1)","decl":{"start":{"line":8,"column":18},"end":{"line":8,"column":19}},"loc":{"start":{"line":8,"column":28},"end":{"line":10,"column":1}},"line":8},"2":{"name":"(anonymous_2)","decl":{"start":{"line":12,"column":20},"end":{"line":12,"column":21}},"loc":{"start":{"line":12,"column":31},"end":{"line":14,"column":1}},"line":12}},"branchMap":{},"s":{"0":2,"1":2,"2":2,"3":0,"4":2,"5":0,"6":2,"7":0,"8":2},"f":{"0":0,"1":0,"2":0},"b":{},"_coverageSchema":"1a1c01bbd47fc00a2c39e90264f33305004495a9","hash":"a52099cb50e630a1bf27a9e2baca67ecd99fc9c5"}
,"/Users/naufalrafi/Documents/f2hacktiv/3w/2d/IP-BSD008/server/middlewares/authentication.js": {"path":"/Users/naufalrafi/Documents/f2hacktiv/3w/2d/IP-BSD008/server/middlewares/authentication.js","statementMap":{"0":{"start":{"line":1,"column":24},"end":{"line":1,"column":49}},"1":{"start":{"line":2,"column":17},"end":{"line":2,"column":37}},"2":{"start":{"line":5,"column":2},"end":{"line":25,"column":3}},"3":{"start":{"line":6,"column":4},"end":{"line":6,"column":69}},"4":{"start":{"line":6,"column":36},"end":{"line":6,"column":69}},"5":{"start":{"line":8,"column":23},"end":{"line":8,"column":62}},"6":{"start":{"line":10,"column":17},"end":{"line":10,"column":42}},"7":{"start":{"line":12,"column":15},"end":{"line":12,"column":38}},"8":{"start":{"line":14,"column":4},"end":{"line":14,"column":50}},"9":{"start":{"line":14,"column":15},"end":{"line":14,"column":50}},"10":{"start":{"line":16,"column":4},"end":{"line":20,"column":6}},"11":{"start":{"line":22,"column":4},"end":{"line":22,"column":11}},"12":{"start":{"line":24,"column":4},"end":{"line":24,"column":16}},"13":{"start":{"line":28,"column":0},"end":{"line":28,"column":32}}},"fnMap":{"0":{"name":"authentication","decl":{"start":{"line":4,"column":15},"end":{"line":4,"column":29}},"loc":{"start":{"line":4,"column":46},"end":{"line":26,"column":1}},"line":4}},"branchMap":{"0":{"loc":{"start":{"line":6,"column":4},"end":{"line":6,"column":69}},"type":"if","locations":[{"start":{"line":6,"column":4},"end":{"line":6,"column":69}},{"start":{},"end":{}}],"line":6},"1":{"loc":{"start":{"line":14,"column":4},"end":{"line":14,"column":50}},"type":"if","locations":[{"start":{"line":14,"column":4},"end":{"line":14,"column":50}},{"start":{},"end":{}}],"line":14}},"s":{"0":2,"1":2,"2":0,"3":0,"4":0,"5":0,"6":0,"7":0,"8":0,"9":0,"10":0,"11":0,"12":0,"13":2},"f":{"0":0},"b":{"0":[0,0],"1":[0,0]},"_coverageSchema":"1a1c01bbd47fc00a2c39e90264f33305004495a9","hash":"e6b02eac176ff98e0e0c82df58d71c780cb249aa"}
,"/Users/naufalrafi/Documents/f2hacktiv/3w/2d/IP-BSD008/server/middlewares/errorHandling.js": {"path":"/Users/naufalrafi/Documents/f2hacktiv/3w/2d/IP-BSD008/server/middlewares/errorHandling.js","statementMap":{"0":{"start":{"line":1,"column":21},"end":{"line":74,"column":1}},"1":{"start":{"line":2,"column":13},"end":{"line":2,"column":16}},"2":{"start":{"line":3,"column":16},"end":{"line":3,"column":39}},"3":{"start":{"line":5,"column":2},"end":{"line":5,"column":24}},"4":{"start":{"line":6,"column":2},"end":{"line":6,"column":27}},"5":{"start":{"line":8,"column":2},"end":{"line":11,"column":3}},"6":{"start":{"line":9,"column":4},"end":{"line":9,"column":15}},"7":{"start":{"line":10,"column":4},"end":{"line":10,"column":36}},"8":{"start":{"line":13,"column":2},"end":{"line":16,"column":3}},"9":{"start":{"line":14,"column":4},"end":{"line":14,"column":15}},"10":{"start":{"line":15,"column":4},"end":{"line":15,"column":34}},"11":{"start":{"line":18,"column":2},"end":{"line":21,"column":3}},"12":{"start":{"line":19,"column":4},"end":{"line":19,"column":15}},"13":{"start":{"line":20,"column":4},"end":{"line":20,"column":48}},"14":{"start":{"line":23,"column":2},"end":{"line":26,"column":3}},"15":{"start":{"line":24,"column":4},"end":{"line":24,"column":15}},"16":{"start":{"line":25,"column":4},"end":{"line":25,"column":42}},"17":{"start":{"line":28,"column":2},"end":{"line":31,"column":3}},"18":{"start":{"line":29,"column":4},"end":{"line":29,"column":15}},"19":{"start":{"line":30,"column":4},"end":{"line":30,"column":42}},"20":{"start":{"line":33,"column":2},"end":{"line":36,"column":3}},"21":{"start":{"line":34,"column":4},"end":{"line":34,"column":15}},"22":{"start":{"line":35,"column":4},"end":{"line":35,"column":57}},"23":{"start":{"line":38,"column":2},"end":{"line":41,"column":3}},"24":{"start":{"line":39,"column":4},"end":{"line":39,"column":15}},"25":{"start":{"line":40,"column":4},"end":{"line":40,"column":39}},"26":{"start":{"line":43,"column":2},"end":{"line":46,"column":3}},"27":{"start":{"line":44,"column":4},"end":{"line":44,"column":15}},"28":{"start":{"line":45,"column":4},"end":{"line":45,"column":35}},"29":{"start":{"line":48,"column":2},"end":{"line":51,"column":3}},"30":{"start":{"line":49,"column":4},"end":{"line":49,"column":15}},"31":{"start":{"line":50,"column":4},"end":{"line":50,"column":66}},"32":{"start":{"line":53,"column":2},"end":{"line":56,"column":3}},"33":{"start":{"line":54,"column":4},"end":{"line":54,"column":15}},"34":{"start":{"line":55,"column":4},"end":{"line":55,"column":35}},"35":{"start":{"line":58,"column":2},"end":{"line":61,"column":3}},"36":{"start":{"line":59,"column":4},"end":{"line":59,"column":15}},"37":{"start":{"line":60,"column":4},"end":{"line":60,"column":31}},"38":{"start":{"line":63,"column":2},"end":{"line":66,"column":3}},"39":{"start":{"line":64,"column":4},"end":{"line":64,"column":15}},"40":{"start":{"line":65,"column":4},"end":{"line":65,"column":40}},"41":{"start":{"line":68,"column":2},"end":{"line":71,"column":3}},"42":{"start":{"line":69,"column":4},"end":{"line":69,"column":15}},"43":{"start":{"line":70,"column":4},"end":{"line":70,"column":66}},"44":{"start":{"line":73,"column":2},"end":{"line":73,"column":43}},"45":{"start":{"line":76,"column":0},"end":{"line":76,"column":30}}},"fnMap":{"0":{"name":"(anonymous_0)","decl":{"start":{"line":1,"column":21},"end":{"line":1,"column":22}},"loc":{"start":{"line":1,"column":46},"end":{"line":74,"column":1}},"line":1}},"branchMap":{"0":{"loc":{"start":{"line":8,"column":2},"end":{"line":11,"column":3}},"type":"if","locations":[{"start":{"line":8,"column":2},"end":{"line":11,"column":3}},{"start":{},"end":{}}],"line":8},"1":{"loc":{"start":{"line":13,"column":2},"end":{"line":16,"column":3}},"type":"if","locations":[{"start":{"line":13,"column":2},"end":{"line":16,"column":3}},{"start":{},"end":{}}],"line":13},"2":{"loc":{"start":{"line":18,"column":2},"end":{"line":21,"column":3}},"type":"if","locations":[{"start":{"line":18,"column":2},"end":{"line":21,"column":3}},{"start":{},"end":{}}],"line":18},"3":{"loc":{"start":{"line":23,"column":2},"end":{"line":26,"column":3}},"type":"if","locations":[{"start":{"line":23,"column":2},"end":{"line":26,"column":3}},{"start":{},"end":{}}],"line":23},"4":{"loc":{"start":{"line":28,"column":2},"end":{"line":31,"column":3}},"type":"if","locations":[{"start":{"line":28,"column":2},"end":{"line":31,"column":3}},{"start":{},"end":{}}],"line":28},"5":{"loc":{"start":{"line":33,"column":2},"end":{"line":36,"column":3}},"type":"if","locations":[{"start":{"line":33,"column":2},"end":{"line":36,"column":3}},{"start":{},"end":{}}],"line":33},"6":{"loc":{"start":{"line":38,"column":2},"end":{"line":41,"column":3}},"type":"if","locations":[{"start":{"line":38,"column":2},"end":{"line":41,"column":3}},{"start":{},"end":{}}],"line":38},"7":{"loc":{"start":{"line":43,"column":2},"end":{"line":46,"column":3}},"type":"if","locations":[{"start":{"line":43,"column":2},"end":{"line":46,"column":3}},{"start":{},"end":{}}],"line":43},"8":{"loc":{"start":{"line":48,"column":2},"end":{"line":51,"column":3}},"type":"if","locations":[{"start":{"line":48,"column":2},"end":{"line":51,"column":3}},{"start":{},"end":{}}],"line":48},"9":{"loc":{"start":{"line":53,"column":2},"end":{"line":56,"column":3}},"type":"if","locations":[{"start":{"line":53,"column":2},"end":{"line":56,"column":3}},{"start":{},"end":{}}],"line":53},"10":{"loc":{"start":{"line":58,"column":2},"end":{"line":61,"column":3}},"type":"if","locations":[{"start":{"line":58,"column":2},"end":{"line":61,"column":3}},{"start":{},"end":{}}],"line":58},"11":{"loc":{"start":{"line":63,"column":2},"end":{"line":66,"column":3}},"type":"if","locations":[{"start":{"line":63,"column":2},"end":{"line":66,"column":3}},{"start":{},"end":{}}],"line":63},"12":{"loc":{"start":{"line":68,"column":2},"end":{"line":71,"column":3}},"type":"if","locations":[{"start":{"line":68,"column":2},"end":{"line":71,"column":3}},{"start":{},"end":{}}],"line":68}},"s":{"0":2,"1":0,"2":0,"3":0,"4":0,"5":0,"6":0,"7":0,"8":0,"9":0,"10":0,"11":0,"12":0,"13":0,"14":0,"15":0,"16":0,"17":0,"18":0,"19":0,"20":0,"21":0,"22":0,"23":0,"24":0,"25":0,"26":0,"27":0,"28":0,"29":0,"30":0,"31":0,"32":0,"33":0,"34":0,"35":0,"36":0,"37":0,"38":0,"39":0,"40":0,"41":0,"42":0,"43":0,"44":0,"45":2},"f":{"0":0},"b":{"0":[0,0],"1":[0,0],"2":[0,0],"3":[0,0],"4":[0,0],"5":[0,0],"6":[0,0],"7":[0,0],"8":[0,0],"9":[0,0],"10":[0,0],"11":[0,0],"12":[0,0]},"_coverageSchema":"1a1c01bbd47fc00a2c39e90264f33305004495a9","hash":"d018309e5a96ffebbacf2f4522ea575ade03a921"}
,"/Users/naufalrafi/Documents/f2hacktiv/3w/2d/IP-BSD008/server/middlewares/multer.js": {"path":"/Users/naufalrafi/Documents/f2hacktiv/3w/2d/IP-BSD008/server/middlewares/multer.js","statementMap":{"0":{"start":{"line":1,"column":15},"end":{"line":1,"column":32}},"1":{"start":{"line":2,"column":16},"end":{"line":2,"column":38}},"2":{"start":{"line":3,"column":15},"end":{"line":3,"column":34}},"3":{"start":{"line":4,"column":26},"end":{"line":4,"column":55}},"4":{"start":{"line":6,"column":0},"end":{"line":6,"column":35}}},"fnMap":{},"branchMap":{},"s":{"0":2,"1":2,"2":2,"3":2,"4":2},"f":{},"b":{},"_coverageSchema":"1a1c01bbd47fc00a2c39e90264f33305004495a9","hash":"eeb09294573c32bec62a11df11bde93614a244d6"}
,"/Users/naufalrafi/Documents/f2hacktiv/3w/2d/IP-BSD008/server/models/index.js": {"path":"/Users/naufalrafi/Documents/f2hacktiv/3w/2d/IP-BSD008/server/models/index.js","statementMap":{"0":{"start":{"line":3,"column":11},"end":{"line":3,"column":24}},"1":{"start":{"line":4,"column":13},"end":{"line":4,"column":28}},"2":{"start":{"line":5,"column":18},"end":{"line":5,"column":38}},"3":{"start":{"line":6,"column":16},"end":{"line":6,"column":34}},"4":{"start":{"line":7,"column":17},"end":{"line":7,"column":42}},"5":{"start":{"line":8,"column":12},"end":{"line":8,"column":49}},"6":{"start":{"line":9,"column":15},"end":{"line":9,"column":65}},"7":{"start":{"line":10,"column":11},"end":{"line":10,"column":13}},"8":{"start":{"line":13,"column":0},"end":{"line":17,"column":1}},"9":{"start":{"line":14,"column":2},"end":{"line":14,"column":74}},"10":{"start":{"line":16,"column":2},"end":{"line":16,"column":87}},"11":{"start":{"line":19,"column":0},"end":{"line":32,"column":5}},"12":{"start":{"line":22,"column":4},"end":{"line":27,"column":6}},"13":{"start":{"line":30,"column":18},"end":{"line":30,"column":85}},"14":{"start":{"line":31,"column":4},"end":{"line":31,"column":27}},"15":{"start":{"line":34,"column":0},"end":{"line":38,"column":3}},"16":{"start":{"line":35,"column":2},"end":{"line":37,"column":3}},"17":{"start":{"line":36,"column":4},"end":{"line":36,"column":32}},"18":{"start":{"line":40,"column":0},"end":{"line":40,"column":25}},"19":{"start":{"line":41,"column":0},"end":{"line":41,"column":25}},"20":{"start":{"line":43,"column":0},"end":{"line":43,"column":20}}},"fnMap":{"0":{"name":"(anonymous_0)","decl":{"start":{"line":21,"column":10},"end":{"line":21,"column":11}},"loc":{"start":{"line":21,"column":18},"end":{"line":28,"column":3}},"line":21},"1":{"name":"(anonymous_1)","decl":{"start":{"line":29,"column":11},"end":{"line":29,"column":12}},"loc":{"start":{"line":29,"column":19},"end":{"line":32,"column":3}},"line":29},"2":{"name":"(anonymous_2)","decl":{"start":{"line":34,"column":24},"end":{"line":34,"column":25}},"loc":{"start":{"line":34,"column":37},"end":{"line":38,"column":1}},"line":34}},"branchMap":{"0":{"loc":{"start":{"line":8,"column":12},"end":{"line":8,"column":49}},"type":"binary-expr","locations":[{"start":{"line":8,"column":12},"end":{"line":8,"column":32}},{"start":{"line":8,"column":36},"end":{"line":8,"column":49}}],"line":8},"1":{"loc":{"start":{"line":13,"column":0},"end":{"line":17,"column":1}},"type":"if","locations":[{"start":{"line":13,"column":0},"end":{"line":17,"column":1}},{"start":{"line":15,"column":7},"end":{"line":17,"column":1}}],"line":13},"2":{"loc":{"start":{"line":23,"column":6},"end":{"line":26,"column":37}},"type":"binary-expr","locations":[{"start":{"line":23,"column":6},"end":{"line":23,"column":29}},{"start":{"line":24,"column":6},"end":{"line":24,"column":23}},{"start":{"line":25,"column":6},"end":{"line":25,"column":30}},{"start":{"line":26,"column":6},"end":{"line":26,"column":37}}],"line":23},"3":{"loc":{"start":{"line":35,"column":2},"end":{"line":37,"column":3}},"type":"if","locations":[{"start":{"line":35,"column":2},"end":{"line":37,"column":3}},{"start":{},"end":{}}],"line":35}},"s":{"0":2,"1":2,"2":2,"3":2,"4":2,"5":2,"6":2,"7":2,"8":2,"9":0,"10":2,"11":2,"12":16,"13":14,"14":14,"15":2,"16":14,"17":14,"18":2,"19":2,"20":2},"f":{"0":16,"1":14,"2":14},"b":{"0":[2,0],"1":[0,2],"2":[16,16,14,14],"3":[14,0]},"_coverageSchema":"1a1c01bbd47fc00a2c39e90264f33305004495a9","hash":"443f7a8792acae181c7166a6dcdecb512aebe908"}
,"/Users/naufalrafi/Documents/f2hacktiv/3w/2d/IP-BSD008/server/models/payment.js": {"path":"/Users/naufalrafi/Documents/f2hacktiv/3w/2d/IP-BSD008/server/models/payment.js","statementMap":{"0":{"start":{"line":2,"column":18},"end":{"line":2,"column":38}},"1":{"start":{"line":3,"column":0},"end":{"line":33,"column":2}},"2":{"start":{"line":11,"column":6},"end":{"line":14,"column":9}},"3":{"start":{"line":16,"column":6},"end":{"line":19,"column":9}},"4":{"start":{"line":22,"column":2},"end":{"line":31,"column":4}},"5":{"start":{"line":32,"column":2},"end":{"line":32,"column":17}}},"fnMap":{"0":{"name":"(anonymous_0)","decl":{"start":{"line":3,"column":17},"end":{"line":3,"column":18}},"loc":{"start":{"line":3,"column":43},"end":{"line":33,"column":1}},"line":3},"1":{"name":"(anonymous_1)","decl":{"start":{"line":10,"column":4},"end":{"line":10,"column":5}},"loc":{"start":{"line":10,"column":29},"end":{"line":20,"column":5}},"line":10}},"branchMap":{},"s":{"0":2,"1":2,"2":2,"3":2,"4":2,"5":2},"f":{"0":2,"1":2},"b":{},"_coverageSchema":"1a1c01bbd47fc00a2c39e90264f33305004495a9","hash":"c30da022ef2eba2e7f4ee31b40eb43ee9e1d71f0"}
,"/Users/naufalrafi/Documents/f2hacktiv/3w/2d/IP-BSD008/server/models/profile.js": {"path":"/Users/naufalrafi/Documents/f2hacktiv/3w/2d/IP-BSD008/server/models/profile.js","statementMap":{"0":{"start":{"line":2,"column":18},"end":{"line":2,"column":38}},"1":{"start":{"line":3,"column":0},"end":{"line":61,"column":2}},"2":{"start":{"line":11,"column":6},"end":{"line":14,"column":9}},"3":{"start":{"line":17,"column":2},"end":{"line":59,"column":4}},"4":{"start":{"line":60,"column":2},"end":{"line":60,"column":17}}},"fnMap":{"0":{"name":"(anonymous_0)","decl":{"start":{"line":3,"column":17},"end":{"line":3,"column":18}},"loc":{"start":{"line":3,"column":43},"end":{"line":61,"column":1}},"line":3},"1":{"name":"(anonymous_1)","decl":{"start":{"line":10,"column":4},"end":{"line":10,"column":5}},"loc":{"start":{"line":10,"column":29},"end":{"line":15,"column":5}},"line":10}},"branchMap":{},"s":{"0":2,"1":2,"2":2,"3":2,"4":2},"f":{"0":2,"1":2},"b":{},"_coverageSchema":"1a1c01bbd47fc00a2c39e90264f33305004495a9","hash":"e36a80fe754290447970a39f3922c6e209f5bf42"}
,"/Users/naufalrafi/Documents/f2hacktiv/3w/2d/IP-BSD008/server/models/psychologist.js": {"path":"/Users/naufalrafi/Documents/f2hacktiv/3w/2d/IP-BSD008/server/models/psychologist.js","statementMap":{"0":{"start":{"line":2,"column":18},"end":{"line":2,"column":38}},"1":{"start":{"line":3,"column":0},"end":{"line":37,"column":2}},"2":{"start":{"line":11,"column":6},"end":{"line":14,"column":9}},"3":{"start":{"line":16,"column":6},"end":{"line":19,"column":9}},"4":{"start":{"line":22,"column":2},"end":{"line":35,"column":4}},"5":{"start":{"line":36,"column":2},"end":{"line":36,"column":22}}},"fnMap":{"0":{"name":"(anonymous_0)","decl":{"start":{"line":3,"column":17},"end":{"line":3,"column":18}},"loc":{"start":{"line":3,"column":43},"end":{"line":37,"column":1}},"line":3},"1":{"name":"(anonymous_1)","decl":{"start":{"line":10,"column":4},"end":{"line":10,"column":5}},"loc":{"start":{"line":10,"column":29},"end":{"line":20,"column":5}},"line":10}},"branchMap":{},"s":{"0":2,"1":2,"2":2,"3":2,"4":2,"5":2},"f":{"0":2,"1":2},"b":{},"_coverageSchema":"1a1c01bbd47fc00a2c39e90264f33305004495a9","hash":"d0c3fa73dfce5dff93158845bbfe3f37b86c88c9"}
,"/Users/naufalrafi/Documents/f2hacktiv/3w/2d/IP-BSD008/server/models/reservation.js": {"path":"/Users/naufalrafi/Documents/f2hacktiv/3w/2d/IP-BSD008/server/models/reservation.js","statementMap":{"0":{"start":{"line":2,"column":18},"end":{"line":2,"column":38}},"1":{"start":{"line":3,"column":0},"end":{"line":108,"column":2}},"2":{"start":{"line":11,"column":6},"end":{"line":14,"column":9}},"3":{"start":{"line":16,"column":6},"end":{"line":19,"column":9}},"4":{"start":{"line":21,"column":6},"end":{"line":24,"column":9}},"5":{"start":{"line":26,"column":6},"end":{"line":29,"column":9}},"6":{"start":{"line":30,"column":6},"end":{"line":33,"column":9}},"7":{"start":{"line":36,"column":2},"end":{"line":106,"column":4}},"8":{"start":{"line":107,"column":2},"end":{"line":107,"column":21}}},"fnMap":{"0":{"name":"(anonymous_0)","decl":{"start":{"line":3,"column":17},"end":{"line":3,"column":18}},"loc":{"start":{"line":3,"column":43},"end":{"line":108,"column":1}},"line":3},"1":{"name":"(anonymous_1)","decl":{"start":{"line":10,"column":4},"end":{"line":10,"column":5}},"loc":{"start":{"line":10,"column":29},"end":{"line":34,"column":5}},"line":10}},"branchMap":{},"s":{"0":2,"1":2,"2":2,"3":2,"4":2,"5":2,"6":2,"7":2,"8":2},"f":{"0":2,"1":2},"b":{},"_coverageSchema":"1a1c01bbd47fc00a2c39e90264f33305004495a9","hash":"1394f5e92cad34c15a08be3005fdec0ebe226921"}
,"/Users/naufalrafi/Documents/f2hacktiv/3w/2d/IP-BSD008/server/models/schedule.js": {"path":"/Users/naufalrafi/Documents/f2hacktiv/3w/2d/IP-BSD008/server/models/schedule.js","statementMap":{"0":{"start":{"line":2,"column":18},"end":{"line":2,"column":38}},"1":{"start":{"line":3,"column":0},"end":{"line":34,"column":2}},"2":{"start":{"line":11,"column":6},"end":{"line":14,"column":9}},"3":{"start":{"line":15,"column":6},"end":{"line":18,"column":9}},"4":{"start":{"line":21,"column":2},"end":{"line":32,"column":4}},"5":{"start":{"line":33,"column":2},"end":{"line":33,"column":18}}},"fnMap":{"0":{"name":"(anonymous_0)","decl":{"start":{"line":3,"column":17},"end":{"line":3,"column":18}},"loc":{"start":{"line":3,"column":43},"end":{"line":34,"column":1}},"line":3},"1":{"name":"(anonymous_1)","decl":{"start":{"line":10,"column":4},"end":{"line":10,"column":5}},"loc":{"start":{"line":10,"column":29},"end":{"line":19,"column":5}},"line":10}},"branchMap":{},"s":{"0":2,"1":2,"2":2,"3":2,"4":2,"5":2},"f":{"0":2,"1":2},"b":{},"_coverageSchema":"1a1c01bbd47fc00a2c39e90264f33305004495a9","hash":"a4b4b722d1c3f09f6d3fff61ad76bbfc7ada4d5b"}
,"/Users/naufalrafi/Documents/f2hacktiv/3w/2d/IP-BSD008/server/models/topic.js": {"path":"/Users/naufalrafi/Documents/f2hacktiv/3w/2d/IP-BSD008/server/models/topic.js","statementMap":{"0":{"start":{"line":2,"column":18},"end":{"line":2,"column":38}},"1":{"start":{"line":3,"column":0},"end":{"line":27,"column":2}},"2":{"start":{"line":11,"column":6},"end":{"line":14,"column":9}},"3":{"start":{"line":17,"column":2},"end":{"line":25,"column":4}},"4":{"start":{"line":26,"column":2},"end":{"line":26,"column":15}}},"fnMap":{"0":{"name":"(anonymous_0)","decl":{"start":{"line":3,"column":17},"end":{"line":3,"column":18}},"loc":{"start":{"line":3,"column":43},"end":{"line":27,"column":1}},"line":3},"1":{"name":"(anonymous_1)","decl":{"start":{"line":10,"column":4},"end":{"line":10,"column":5}},"loc":{"start":{"line":10,"column":29},"end":{"line":15,"column":5}},"line":10}},"branchMap":{},"s":{"0":2,"1":2,"2":2,"3":2,"4":2},"f":{"0":2,"1":2},"b":{},"_coverageSchema":"1a1c01bbd47fc00a2c39e90264f33305004495a9","hash":"9722f7e16fcc328fa3bd5c17c0ce2ca6ade18b84"}
,"/Users/naufalrafi/Documents/f2hacktiv/3w/2d/IP-BSD008/server/models/user.js": {"path":"/Users/naufalrafi/Documents/f2hacktiv/3w/2d/IP-BSD008/server/models/user.js","statementMap":{"0":{"start":{"line":2,"column":18},"end":{"line":2,"column":38}},"1":{"start":{"line":3,"column":17},"end":{"line":3,"column":45}},"2":{"start":{"line":4,"column":0},"end":{"line":85,"column":2}},"3":{"start":{"line":12,"column":6},"end":{"line":15,"column":9}},"4":{"start":{"line":17,"column":6},"end":{"line":20,"column":9}},"5":{"start":{"line":22,"column":6},"end":{"line":25,"column":9}},"6":{"start":{"line":28,"column":2},"end":{"line":80,"column":4}},"7":{"start":{"line":81,"column":2},"end":{"line":83,"column":5}},"8":{"start":{"line":82,"column":4},"end":{"line":82,"column":36}},"9":{"start":{"line":84,"column":2},"end":{"line":84,"column":14}}},"fnMap":{"0":{"name":"(anonymous_0)","decl":{"start":{"line":4,"column":17},"end":{"line":4,"column":18}},"loc":{"start":{"line":4,"column":43},"end":{"line":85,"column":1}},"line":4},"1":{"name":"(anonymous_1)","decl":{"start":{"line":11,"column":4},"end":{"line":11,"column":5}},"loc":{"start":{"line":11,"column":29},"end":{"line":26,"column":5}},"line":11},"2":{"name":"(anonymous_2)","decl":{"start":{"line":81,"column":20},"end":{"line":81,"column":21}},"loc":{"start":{"line":81,"column":28},"end":{"line":83,"column":3}},"line":81}},"branchMap":{},"s":{"0":2,"1":2,"2":2,"3":2,"4":2,"5":2,"6":2,"7":2,"8":0,"9":2},"f":{"0":2,"1":2,"2":0},"b":{},"_coverageSchema":"1a1c01bbd47fc00a2c39e90264f33305004495a9","hash":"9f9d15d5df409ed9caa6fe646b6cb7f027c7b7ae"}
,"/Users/naufalrafi/Documents/f2hacktiv/3w/2d/IP-BSD008/server/routers/index.js": {"path":"/Users/naufalrafi/Documents/f2hacktiv/3w/2d/IP-BSD008/server/routers/index.js","statementMap":{"0":{"start":{"line":1,"column":16},"end":{"line":1,"column":34}},"1":{"start":{"line":2,"column":15},"end":{"line":2,"column":31}},"2":{"start":{"line":4,"column":19},"end":{"line":4,"column":42}},"3":{"start":{"line":5,"column":23},"end":{"line":5,"column":50}},"4":{"start":{"line":6,"column":20},"end":{"line":6,"column":44}},"5":{"start":{"line":7,"column":26},"end":{"line":7,"column":56}},"6":{"start":{"line":8,"column":22},"end":{"line":8,"column":48}},"7":{"start":{"line":11,"column":0},"end":{"line":11,"column":23}},"8":{"start":{"line":12,"column":0},"end":{"line":12,"column":34}},"9":{"start":{"line":13,"column":0},"end":{"line":13,"column":40}},"10":{"start":{"line":14,"column":0},"end":{"line":14,"column":46}},"11":{"start":{"line":15,"column":0},"end":{"line":15,"column":38}},"12":{"start":{"line":17,"column":0},"end":{"line":17,"column":24}}},"fnMap":{},"branchMap":{},"s":{"0":2,"1":2,"2":2,"3":2,"4":2,"5":2,"6":2,"7":2,"8":2,"9":2,"10":2,"11":2,"12":2},"f":{},"b":{},"_coverageSchema":"1a1c01bbd47fc00a2c39e90264f33305004495a9","hash":"9b7a41183d3305f1d477c7518d661fced5373d25"}
,"/Users/naufalrafi/Documents/f2hacktiv/3w/2d/IP-BSD008/server/routers/konselorRoutes.js": {"path":"/Users/naufalrafi/Documents/f2hacktiv/3w/2d/IP-BSD008/server/routers/konselorRoutes.js","statementMap":{"0":{"start":{"line":1,"column":16},"end":{"line":1,"column":34}},"1":{"start":{"line":2,"column":15},"end":{"line":2,"column":31}},"2":{"start":{"line":3,"column":27},"end":{"line":3,"column":71}},"3":{"start":{"line":4,"column":23},"end":{"line":4,"column":63}},"4":{"start":{"line":6,"column":0},"end":{"line":6,"column":27}},"5":{"start":{"line":7,"column":0},"end":{"line":7,"column":49}},"6":{"start":{"line":8,"column":0},"end":{"line":8,"column":76}},"7":{"start":{"line":9,"column":0},"end":{"line":9,"column":56}},"8":{"start":{"line":11,"column":0},"end":{"line":11,"column":24}}},"fnMap":{},"branchMap":{},"s":{"0":2,"1":2,"2":2,"3":2,"4":2,"5":2,"6":2,"7":2,"8":2},"f":{},"b":{},"_coverageSchema":"1a1c01bbd47fc00a2c39e90264f33305004495a9","hash":"76192d6873251a48ad3fece1bb5da6c18948f177"}
,"/Users/naufalrafi/Documents/f2hacktiv/3w/2d/IP-BSD008/server/routers/paymentRoutes.js": {"path":"/Users/naufalrafi/Documents/f2hacktiv/3w/2d/IP-BSD008/server/routers/paymentRoutes.js","statementMap":{"0":{"start":{"line":1,"column":16},"end":{"line":1,"column":34}},"1":{"start":{"line":2,"column":15},"end":{"line":2,"column":31}},"2":{"start":{"line":3,"column":26},"end":{"line":3,"column":69}},"3":{"start":{"line":4,"column":23},"end":{"line":4,"column":63}},"4":{"start":{"line":6,"column":0},"end":{"line":6,"column":27}},"5":{"start":{"line":7,"column":0},"end":{"line":7,"column":50}},"6":{"start":{"line":9,"column":0},"end":{"line":9,"column":24}}},"fnMap":{},"branchMap":{},"s":{"0":2,"1":2,"2":2,"3":2,"4":2,"5":2,"6":2},"f":{},"b":{},"_coverageSchema":"1a1c01bbd47fc00a2c39e90264f33305004495a9","hash":"946ea02d865b79e2be1156cf6b81b970192711bc"}
,"/Users/naufalrafi/Documents/f2hacktiv/3w/2d/IP-BSD008/server/routers/reservationRoutes.js": {"path":"/Users/naufalrafi/Documents/f2hacktiv/3w/2d/IP-BSD008/server/routers/reservationRoutes.js","statementMap":{"0":{"start":{"line":1,"column":16},"end":{"line":1,"column":34}},"1":{"start":{"line":2,"column":15},"end":{"line":2,"column":31}},"2":{"start":{"line":3,"column":30},"end":{"line":3,"column":77}},"3":{"start":{"line":4,"column":23},"end":{"line":4,"column":63}},"4":{"start":{"line":6,"column":0},"end":{"line":6,"column":27}},"5":{"start":{"line":7,"column":0},"end":{"line":7,"column":58}},"6":{"start":{"line":9,"column":0},"end":{"line":9,"column":24}}},"fnMap":{},"branchMap":{},"s":{"0":2,"1":2,"2":2,"3":2,"4":2,"5":2,"6":2},"f":{},"b":{},"_coverageSchema":"1a1c01bbd47fc00a2c39e90264f33305004495a9","hash":"348755427ed34d9dc218b9e29d0f12c7887bb11e"}
,"/Users/naufalrafi/Documents/f2hacktiv/3w/2d/IP-BSD008/server/routers/topicRoutes.js": {"path":"/Users/naufalrafi/Documents/f2hacktiv/3w/2d/IP-BSD008/server/routers/topicRoutes.js","statementMap":{"0":{"start":{"line":1,"column":16},"end":{"line":1,"column":34}},"1":{"start":{"line":2,"column":15},"end":{"line":2,"column":31}},"2":{"start":{"line":3,"column":24},"end":{"line":3,"column":65}},"3":{"start":{"line":4,"column":23},"end":{"line":4,"column":63}},"4":{"start":{"line":6,"column":0},"end":{"line":6,"column":27}},"5":{"start":{"line":7,"column":0},"end":{"line":7,"column":43}},"6":{"start":{"line":8,"column":0},"end":{"line":8,"column":50}},"7":{"start":{"line":10,"column":0},"end":{"line":10,"column":24}}},"fnMap":{},"branchMap":{},"s":{"0":2,"1":2,"2":2,"3":2,"4":2,"5":2,"6":2,"7":2},"f":{},"b":{},"_coverageSchema":"1a1c01bbd47fc00a2c39e90264f33305004495a9","hash":"20a5f839f116f0385771919627a5560c0dd44c1a"}
,"/Users/naufalrafi/Documents/f2hacktiv/3w/2d/IP-BSD008/server/routers/userRoutes.js": {"path":"/Users/naufalrafi/Documents/f2hacktiv/3w/2d/IP-BSD008/server/routers/userRoutes.js","statementMap":{"0":{"start":{"line":1,"column":16},"end":{"line":1,"column":34}},"1":{"start":{"line":2,"column":15},"end":{"line":2,"column":31}},"2":{"start":{"line":3,"column":23},"end":{"line":3,"column":63}},"3":{"start":{"line":4,"column":23},"end":{"line":4,"column":63}},"4":{"start":{"line":5,"column":26},"end":{"line":5,"column":58}},"5":{"start":{"line":7,"column":0},"end":{"line":7,"column":55}},"6":{"start":{"line":8,"column":0},"end":{"line":8,"column":50}},"7":{"start":{"line":9,"column":0},"end":{"line":9,"column":44}},"8":{"start":{"line":10,"column":0},"end":{"line":10,"column":27}},"9":{"start":{"line":11,"column":0},"end":{"line":11,"column":45}},"10":{"start":{"line":12,"column":0},"end":{"line":12,"column":53}},"11":{"start":{"line":13,"column":0},"end":{"line":13,"column":73}},"12":{"start":{"line":14,"column":0},"end":{"line":14,"column":51}},"13":{"start":{"line":15,"column":0},"end":{"line":15,"column":59}},"14":{"start":{"line":16,"column":0},"end":{"line":16,"column":59}},"15":{"start":{"line":17,"column":0},"end":{"line":17,"column":57}},"16":{"start":{"line":19,"column":0},"end":{"line":19,"column":24}}},"fnMap":{},"branchMap":{},"s":{"0":2,"1":2,"2":2,"3":2,"4":2,"5":2,"6":2,"7":2,"8":2,"9":2,"10":2,"11":2,"12":2,"13":2,"14":2,"15":2,"16":2},"f":{},"b":{},"_coverageSchema":"1a1c01bbd47fc00a2c39e90264f33305004495a9","hash":"a956fd7dada6536b70fb398188385234c802693b"}
}
